Release 10.1 - xst K.31 (nt)
Copyright (c) 1995-2008 Xilinx, Inc.  All rights reserved.
--> Parameter TMPDIR set to C:/270/Lab4/Lab4/xst/projnav.tmp


Total REAL time to Xst completion: 0.00 secs
Total CPU time to Xst completion: 0.08 secs
 
--> Parameter xsthdpdir set to C:/270/Lab4/Lab4/xst


Total REAL time to Xst completion: 0.00 secs
Total CPU time to Xst completion: 0.08 secs
 
--> Reading design: Counter.prj

TABLE OF CONTENTS
  1) Synthesis Options Summary
  2) HDL Compilation
  3) Design Hierarchy Analysis
  4) HDL Analysis
  5) HDL Synthesis
     5.1) HDL Synthesis Report
  6) Advanced HDL Synthesis
     6.1) Advanced HDL Synthesis Report
  7) Low Level Synthesis
  8) Partition Report
  9) Final Report
     9.1) Device utilization summary
     9.2) Partition Resource Summary
     9.3) TIMING REPORT


=========================================================================
*                      Synthesis Options Summary                        *
=========================================================================
---- Source Parameters
Input File Name                    : "Counter.prj"
Input Format                       : mixed
Ignore Synthesis Constraint File   : NO

---- Target Parameters
Output File Name                   : "Counter"
Output Format                      : NGC
Target Device                      : xc3s1200e-4-fg320

---- Source Options
Top Module Name                    : Counter
Automatic FSM Extraction           : YES
FSM Encoding Algorithm             : Auto
Safe Implementation                : No
FSM Style                          : lut
RAM Extraction                     : Yes
RAM Style                          : Auto
ROM Extraction                     : Yes
Mux Style                          : Auto
Decoder Extraction                 : YES
Priority Encoder Extraction        : YES
Shift Register Extraction          : YES
Logical Shifter Extraction         : YES
XOR Collapsing                     : YES
ROM Style                          : Auto
Mux Extraction                     : YES
Resource Sharing                   : YES
Asynchronous To Synchronous        : NO
Multiplier Style                   : auto
Automatic Register Balancing       : No

---- Target Options
Add IO Buffers                     : YES
Global Maximum Fanout              : 500
Add Generic Clock Buffer(BUFG)     : 24
Register Duplication               : YES
Slice Packing                      : YES
Optimize Instantiated Primitives   : NO
Use Clock Enable                   : Yes
Use Synchronous Set                : Yes
Use Synchronous Reset              : Yes
Pack IO Registers into IOBs        : auto
Equivalent register Removal        : YES

---- General Options
Optimization Goal                  : Speed
Optimization Effort                : 1
Library Search Order               : Counter.lso
Keep Hierarchy                     : NO
Netlist Hierarchy                  : as_optimized
RTL Output                         : Yes
Global Optimization                : AllClockNets
Read Cores                         : YES
Write Timing Constraints           : NO
Cross Clock Analysis               : NO
Hierarchy Separator                : /
Bus Delimiter                      : <>
Case Specifier                     : maintain
Slice Utilization Ratio            : 100
BRAM Utilization Ratio             : 100
Verilog 2001                       : YES
Auto BRAM Packing                  : NO
Slice Utilization Ratio Delta      : 5

=========================================================================


=========================================================================
*                          HDL Compilation                              *
=========================================================================
Compiling vhdl file "C:/270/Lab4/Lab4/ALU_up_down.vhf" in Library work.
Architecture behavioral of Entity alu_up_down is up to date.
Compiling vhdl file "C:/270/Lab4/Lab4/Counter.vhf" in Library work.
Entity <m2_1_mxilinx_counter> compiled.
Entity <m2_1_mxilinx_counter> (Architecture <behavioral>) compiled.
Entity <counter> compiled.
Entity <counter> (Architecture <behavioral>) compiled.

=========================================================================
*                     Design Hierarchy Analysis                         *
=========================================================================
Analyzing hierarchy for entity <Counter> in library <work> (architecture <behavioral>).

Analyzing hierarchy for entity <ALU_up_down> in library <work> (architecture <behavioral>).

Analyzing hierarchy for entity <M2_1_MXILINX_Counter> in library <work> (architecture <behavioral>).


=========================================================================
*                            HDL Analysis                               *
=========================================================================
Analyzing Entity <Counter> in library <work> (Architecture <behavioral>).
    Set user-defined property "HU_SET =  XLXI_6_0" for instance <XLXI_6> in unit <Counter>.
    Set user-defined property "HU_SET =  XLXI_7_1" for instance <XLXI_7> in unit <Counter>.
    Set user-defined property "HU_SET =  XLXI_8_2" for instance <XLXI_8> in unit <Counter>.
    Set user-defined property "HU_SET =  XLXI_9_3" for instance <XLXI_9> in unit <Counter>.
    Set user-defined property "INIT =  0" for instance <XLXI_12> in unit <Counter>.
    Set user-defined property "INIT =  0" for instance <XLXI_13> in unit <Counter>.
    Set user-defined property "INIT =  0" for instance <XLXI_14> in unit <Counter>.
    Set user-defined property "INIT =  0" for instance <XLXI_15> in unit <Counter>.
Entity <Counter> analyzed. Unit <Counter> generated.

Analyzing Entity <ALU_up_down> in library <work> (Architecture <behavioral>).
Entity <ALU_up_down> analyzed. Unit <ALU_up_down> generated.

Analyzing Entity <M2_1_MXILINX_Counter> in library <work> (Architecture <behavioral>).
Entity <M2_1_MXILINX_Counter> analyzed. Unit <M2_1_MXILINX_Counter> generated.


=========================================================================
*                           HDL Synthesis                               *
=========================================================================

Performing bidirectional port resolution...

Synthesizing Unit <ALU_up_down>.
    Related source file is "C:/270/Lab4/Lab4/ALU_up_down.vhf".
Unit <ALU_up_down> synthesized.


Synthesizing Unit <M2_1_MXILINX_Counter>.
    Related source file is "C:/270/Lab4/Lab4/Counter.vhf".
Unit <M2_1_MXILINX_Counter> synthesized.


Synthesizing Unit <Counter>.
    Related source file is "C:/270/Lab4/Lab4/Counter.vhf".
Unit <Counter> synthesized.


=========================================================================
HDL Synthesis Report

Found no macro
=========================================================================

=========================================================================
*                       Advanced HDL Synthesis                          *
=========================================================================

Loading device for application Rf_Device from file '3s1200e.nph' in environment C:\Xilinx\10.1\ISE.

=========================================================================
Advanced HDL Synthesis Report

Macro Statistics
# Registers                                            : 4
 Flip-Flops                                            : 4

=========================================================================

=========================================================================
*                         Low Level Synthesis                           *
=========================================================================

Optimizing unit <Counter> ...

Optimizing unit <M2_1_MXILINX_Counter> ...

Mapping all equations...
Building and optimizing final netlist ...
Found area constraint ratio of 100 (+ 5) on block Counter, actual ratio is 0.

Final Macro Processing ...

=========================================================================
Final Register Report

Macro Statistics
# Registers                                            : 4
 Flip-Flops                                            : 4

=========================================================================

=========================================================================
*                           Partition Report                             *
=========================================================================

Partition Implementation Status
-------------------------------

  No Partitions were found in this design.

-------------------------------

=========================================================================
*                            Final Report                               *
=========================================================================
Final Results
RTL Top Level Output File Name     : Counter.ngr
Top Level Output File Name         : Counter
Output Format                      : NGC
Optimization Goal                  : Speed
Keep Hierarchy                     : NO

Design Statistics
# IOs                              : 7

Cell Usage :
# BELS                             : 23
#      AND2                        : 6
#      AND2B1                      : 4
#      INV                         : 3
#      OR2                         : 4
#      XOR2                        : 6
# FlipFlops/Latches                : 4
#      FDC                         : 4
# Clock Buffers                    : 1
#      BUFGP                       : 1
# IO Buffers                       : 6
#      IBUF                        : 2
#      OBUF                        : 4
=========================================================================

Device utilization summary:
---------------------------

Selected Device : 3s1200efg320-4 

 Number of Slices:                        2  out of   8672     0%  
 Number of Slice Flip Flops:              4  out of  17344     0%  
 Number of 4 input LUTs:                  3  out of  17344     0%  
 Number of IOs:                           7
 Number of bonded IOBs:                   7  out of    250     2%  
 Number of GCLKs:                         1  out of     24     4%  

---------------------------
Partition Resource Summary:
---------------------------

  No Partitions were found in this design.

---------------------------


=========================================================================
TIMING REPORT

NOTE: THESE TIMING NUMBERS ARE ONLY A SYNTHESIS ESTIMATE.
      FOR ACCURATE TIMING INFORMATION PLEASE REFER TO THE TRACE REPORT
      GENERATED AFTER PLACE-and-ROUTE.

Clock Information:
------------------
-----------------------------------+------------------------+-------+
Clock Signal                       | Clock buffer(FF name)  | Load  |
-----------------------------------+------------------------+-------+
clk                                | BUFGP                  | 4     |
-----------------------------------+------------------------+-------+

Asynchronous Control Signals Information:
----------------------------------------
-----------------------------------+------------------------+-------+
Control Signal                     | Buffer(FF name)        | Load  |
-----------------------------------+------------------------+-------+
Reset                              | IBUF                   | 4     |
-----------------------------------+------------------------+-------+

Timing Summary:
---------------
Speed Grade: -4

   Minimum period: 8.228ns (Maximum Frequency: 121.536MHz)
   Minimum input arrival time before clock: 9.979ns
   Maximum output required time after clock: 4.394ns
   Maximum combinational path delay: No path found

Timing Detail:
--------------
All values displayed in nanoseconds (ns)

=========================================================================
Timing constraint: Default period analysis for Clock 'clk'
  Clock period: 8.228ns (frequency: 121.536MHz)
  Total number of paths / destination ports: 10 / 4
-------------------------------------------------------------------------
Delay:               8.228ns (Levels of Logic = 7)
  Source:            XLXI_15 (FF)
  Destination:       XLXI_12 (FF)
  Source Clock:      clk rising
  Destination Clock: clk rising

  Data Path: XLXI_15 to XLXI_12
                                Gate     Net
    Cell:in->out      fanout   Delay   Delay  Logical Name (Net Name)
    ----------------------------------------  ------------
     FDC:C->Q              3   0.591   0.531  XLXI_15 (Q0_OBUF)
     XOR2:I1->O            2   0.704   0.447  XLXI_1/XLXI_3 (XLXI_1/XLXN_13)
     AND2:I1->O            2   0.704   0.447  XLXI_1/XLXI_8 (XLXI_1/XLXN_21)
     AND2:I1->O            1   0.704   0.420  XLXI_1/XLXI_9 (XLXI_1/XLXN_26)
     XOR2:I1->O            1   0.704   0.420  XLXI_1/XLXI_11 (XLXN_15)
     begin scope: 'XLXI_6'
     AND2B1:I1->O          1   0.704   0.420  I_36_7 (M0)
     OR2:I1->O             1   0.704   0.420  I_36_8 (O)
     end scope: 'XLXI_6'
     FDC:D                     0.308          XLXI_12
    ----------------------------------------
    Total                      8.228ns (5.123ns logic, 3.105ns route)
                                       (62.3% logic, 37.7% route)

=========================================================================
Timing constraint: Default OFFSET IN BEFORE for Clock 'clk'
  Total number of paths / destination ports: 18 / 4
-------------------------------------------------------------------------
Offset:              9.979ns (Levels of Logic = 9)
  Source:            up (PAD)
  Destination:       XLXI_12 (FF)
  Destination Clock: clk rising

  Data Path: up to XLXI_12
                                Gate     Net
    Cell:in->out      fanout   Delay   Delay  Logical Name (Net Name)
    ----------------------------------------  ------------
     IBUF:I->O             1   1.218   0.420  up_IBUF (up_IBUF)
     INV:I->O              3   0.704   0.531  XLXI_1/XLXI_2 (XLXI_1/XLXN_7)
     XOR2:I0->O            2   0.704   0.447  XLXI_1/XLXI_3 (XLXI_1/XLXN_13)
     AND2:I1->O            2   0.704   0.447  XLXI_1/XLXI_8 (XLXI_1/XLXN_21)
     AND2:I1->O            1   0.704   0.420  XLXI_1/XLXI_9 (XLXI_1/XLXN_26)
     XOR2:I1->O            1   0.704   0.420  XLXI_1/XLXI_11 (XLXN_15)
     begin scope: 'XLXI_6'
     AND2B1:I1->O          1   0.704   0.420  I_36_7 (M0)
     OR2:I1->O             1   0.704   0.420  I_36_8 (O)
     end scope: 'XLXI_6'
     FDC:D                     0.308          XLXI_12
    ----------------------------------------
    Total                      9.979ns (6.454ns logic, 3.525ns route)
                                       (64.7% logic, 35.3% route)

=========================================================================
Timing constraint: Default OFFSET OUT AFTER for Clock 'clk'
  Total number of paths / destination ports: 4 / 4
-------------------------------------------------------------------------
Offset:              4.394ns (Levels of Logic = 1)
  Source:            XLXI_15 (FF)
  Destination:       Q0 (PAD)
  Source Clock:      clk rising

  Data Path: XLXI_15 to Q0
                                Gate     Net
    Cell:in->out      fanout   Delay   Delay  Logical Name (Net Name)
    ----------------------------------------  ------------
     FDC:C->Q              3   0.591   0.531  XLXI_15 (Q0_OBUF)
     OBUF:I->O                 3.272          Q0_OBUF (Q0)
    ----------------------------------------
    Total                      4.394ns (3.863ns logic, 0.531ns route)
                                       (87.9% logic, 12.1% route)

=========================================================================


Total REAL time to Xst completion: 3.00 secs
Total CPU time to Xst completion: 2.61 secs
 
--> 

Total memory usage is 157448 kilobytes

Number of errors   :    0 (   0 filtered)
Number of warnings :    0 (   0 filtered)
Number of infos    :    0 (   0 filtered)

