--------------------------------------------------------------------------------
Release 10.1 Trace  (nt)
Copyright (c) 1995-2008 Xilinx, Inc.  All rights reserved.

C:\Xilinx\10.1\ISE\bin\nt\unwrapped\trce.exe -ise C:/270/Lab1/Lab1.ise
-intstyle ise -e 3 -s 4 -xml full_adder_macro full_adder_macro.ncd -o
full_adder_macro.twr full_adder_macro.pcf -ucf full_adder_macro.ucf

Design file:              full_adder_macro.ncd
Physical constraint file: full_adder_macro.pcf
Device,package,speed:     xc3s1200e,fg320,-4 (PRODUCTION 1.27 2008-01-09)
Report level:             error report

Environment Variable      Effect 
--------------------      ------ 
NONE                      No environment variables were set
--------------------------------------------------------------------------------

INFO:Timing:2698 - No timing constraints found, doing default enumeration.
INFO:Timing:2752 - To get complete path coverage, use the unconstrained paths 
   option. All paths that are not constrained will be reported in the 
   unconstrained paths section(s) of the report.
INFO:Timing:3339 - The clock-to-out numbers in this timing report are based on 
   a 50 Ohm transmission line loading model.  For the details of this model, 
   and for more information on accounting for different loading conditions, 
   please see the device datasheet.



Data Sheet report:
-----------------
All values displayed in nanoseconds (ns)

Pad to Pad
---------------+---------------+---------+
Source Pad     |Destination Pad|  Delay  |
---------------+---------------+---------+
A              |Cout           |    9.830|
A              |Sum            |   11.882|
B              |Cout           |    9.805|
B              |Sum            |   11.735|
Cin            |Cout           |    9.768|
Cin            |Sum            |   12.156|
---------------+---------------+---------+


Analysis completed Tue May 23 18:48:46 2017 
--------------------------------------------------------------------------------

Trace Settings:
-------------------------
Trace Settings 

Peak Memory Usage: 102 MB



