--------------------------------------------------------------------------------
Release 10.1 Trace  (nt)
Copyright (c) 1995-2008 Xilinx, Inc.  All rights reserved.

C:\Xilinx\10.1\ISE\bin\nt\unwrapped\trce.exe -ise C:/270/Lab2_inv/Lab2_inv.ise
-intstyle ise -e 3 -s 4 -xml SSD_Driver SSD_Driver.ncd -o SSD_Driver.twr
SSD_Driver.pcf -ucf SSD_Driver.ucf

Design file:              SSD_Driver.ncd
Physical constraint file: SSD_Driver.pcf
Device,package,speed:     xc3s1200e,fg320,-4 (PRODUCTION 1.27 2008-01-09)
Report level:             error report

Environment Variable      Effect 
--------------------      ------ 
NONE                      No environment variables were set
--------------------------------------------------------------------------------

INFO:Timing:2698 - No timing constraints found, doing default enumeration.
INFO:Timing:2752 - To get complete path coverage, use the unconstrained paths 
   option. All paths that are not constrained will be reported in the 
   unconstrained paths section(s) of the report.
INFO:Timing:3339 - The clock-to-out numbers in this timing report are based on 
   a 50 Ohm transmission line loading model.  For the details of this model, 
   and for more information on accounting for different loading conditions, 
   please see the device datasheet.



Data Sheet report:
-----------------
All values displayed in nanoseconds (ns)

Pad to Pad
---------------+---------------+---------+
Source Pad     |Destination Pad|  Delay  |
---------------+---------------+---------+
B0             |CA             |    7.370|
B0             |CB             |    6.657|
B0             |CC             |    7.465|
B0             |CD             |    7.590|
B0             |CE             |    6.604|
B0             |CF             |    6.323|
B0             |CG             |    6.258|
B1             |CA             |    6.914|
B1             |CB             |    7.135|
B1             |CC             |    7.968|
B1             |CD             |    7.847|
B1             |CE             |    7.165|
B1             |CF             |    6.645|
B1             |CG             |    6.754|
B2             |CA             |    7.831|
B2             |CB             |    7.935|
B2             |CC             |    8.808|
B2             |CD             |    8.560|
B2             |CE             |    7.627|
B2             |CF             |    7.351|
B2             |CG             |    7.223|
B3             |CA             |    7.648|
B3             |CD             |    8.471|
B3             |CE             |    7.241|
B3             |CF             |    7.231|
B3             |CG             |    6.868|
---------------+---------------+---------+


Analysis completed Fri Jun 02 18:51:46 2017 
--------------------------------------------------------------------------------

Trace Settings:
-------------------------
Trace Settings 

Peak Memory Usage: 102 MB



