Release 10.1 - xst K.31 (nt)
Copyright (c) 1995-2008 Xilinx, Inc.  All rights reserved.
--> Parameter TMPDIR set to C:/270/Lab3/xst/projnav.tmp


Total REAL time to Xst completion: 0.00 secs
Total CPU time to Xst completion: 0.09 secs
 
--> Parameter xsthdpdir set to C:/270/Lab3/xst


Total REAL time to Xst completion: 0.00 secs
Total CPU time to Xst completion: 0.09 secs
 
--> Reading design: C3.prj

TABLE OF CONTENTS
  1) Synthesis Options Summary
  2) HDL Compilation
  3) Design Hierarchy Analysis
  4) HDL Analysis
  5) HDL Synthesis
     5.1) HDL Synthesis Report
  6) Advanced HDL Synthesis
     6.1) Advanced HDL Synthesis Report
  7) Low Level Synthesis
  8) Partition Report
  9) Final Report
     9.1) Device utilization summary
     9.2) Partition Resource Summary
     9.3) TIMING REPORT


=========================================================================
*                      Synthesis Options Summary                        *
=========================================================================
---- Source Parameters
Input File Name                    : "C3.prj"
Input Format                       : mixed
Ignore Synthesis Constraint File   : NO

---- Target Parameters
Output File Name                   : "C3"
Output Format                      : NGC
Target Device                      : xc3s1200e-4-fg320

---- Source Options
Top Module Name                    : C3
Automatic FSM Extraction           : YES
FSM Encoding Algorithm             : Auto
Safe Implementation                : No
FSM Style                          : lut
RAM Extraction                     : Yes
RAM Style                          : Auto
ROM Extraction                     : Yes
Mux Style                          : Auto
Decoder Extraction                 : YES
Priority Encoder Extraction        : YES
Shift Register Extraction          : YES
Logical Shifter Extraction         : YES
XOR Collapsing                     : YES
ROM Style                          : Auto
Mux Extraction                     : YES
Resource Sharing                   : YES
Asynchronous To Synchronous        : NO
Multiplier Style                   : auto
Automatic Register Balancing       : No

---- Target Options
Add IO Buffers                     : YES
Global Maximum Fanout              : 500
Add Generic Clock Buffer(BUFG)     : 24
Register Duplication               : YES
Slice Packing                      : YES
Optimize Instantiated Primitives   : NO
Use Clock Enable                   : Yes
Use Synchronous Set                : Yes
Use Synchronous Reset              : Yes
Pack IO Registers into IOBs        : auto
Equivalent register Removal        : YES

---- General Options
Optimization Goal                  : Speed
Optimization Effort                : 1
Library Search Order               : C3.lso
Keep Hierarchy                     : NO
Netlist Hierarchy                  : as_optimized
RTL Output                         : Yes
Global Optimization                : AllClockNets
Read Cores                         : YES
Write Timing Constraints           : NO
Cross Clock Analysis               : NO
Hierarchy Separator                : /
Bus Delimiter                      : <>
Case Specifier                     : maintain
Slice Utilization Ratio            : 100
BRAM Utilization Ratio             : 100
Verilog 2001                       : YES
Auto BRAM Packing                  : NO
Slice Utilization Ratio Delta      : 5

=========================================================================


=========================================================================
*                          HDL Compilation                              *
=========================================================================
Compiling vhdl file "C:/270/Lab3/C1.vhf" in Library work.
Architecture behavioral of Entity m2_1b1_mxilinx_c1 is up to date.
Architecture behavioral of Entity add4_mxilinx_c1 is up to date.
Architecture behavioral of Entity c1 is up to date.
Compiling vhdl file "C:/270/Lab3/C2.vhf" in Library work.
Architecture behavioral of Entity m2_1_mxilinx_c2 is up to date.
Architecture behavioral of Entity c2 is up to date.
Compiling vhdl file "C:/270/Lab3/C3.vhf" in Library work.
Entity <m2_1_mxilinx_c3> compiled.
Entity <m2_1_mxilinx_c3> (Architecture <behavioral>) compiled.
Entity <c3> compiled.
Entity <c3> (Architecture <behavioral>) compiled.

=========================================================================
*                     Design Hierarchy Analysis                         *
=========================================================================
Analyzing hierarchy for entity <C3> in library <work> (architecture <behavioral>).

Analyzing hierarchy for entity <C1> in library <work> (architecture <behavioral>).

Analyzing hierarchy for entity <C2> in library <work> (architecture <behavioral>).

Analyzing hierarchy for entity <M2_1_MXILINX_C3> in library <work> (architecture <behavioral>).

Analyzing hierarchy for entity <ADD4_MXILINX_C1> in library <work> (architecture <behavioral>).

Analyzing hierarchy for entity <M2_1B1_MXILINX_C1> in library <work> (architecture <behavioral>).

Analyzing hierarchy for entity <M2_1_MXILINX_C2> in library <work> (architecture <behavioral>).


=========================================================================
*                            HDL Analysis                               *
=========================================================================
Analyzing Entity <C3> in library <work> (Architecture <behavioral>).
    Set user-defined property "HU_SET =  XLXI_3_0" for instance <XLXI_3> in unit <C3>.
    Set user-defined property "HU_SET =  XLXI_4_1" for instance <XLXI_4> in unit <C3>.
    Set user-defined property "HU_SET =  XLXI_5_2" for instance <XLXI_5> in unit <C3>.
    Set user-defined property "HU_SET =  XLXI_6_3" for instance <XLXI_6> in unit <C3>.
    Set user-defined property "HU_SET =  XLXI_7_4" for instance <XLXI_7> in unit <C3>.
Entity <C3> analyzed. Unit <C3> generated.

Analyzing Entity <C1> in library <work> (Architecture <behavioral>).
WARNING:Xst:753 - "C:/270/Lab3/C1.vhf" line 345: Unconnected output port 'OFL' of component 'ADD4_MXILINX_C1'.
    Set user-defined property "HU_SET =  XLXI_1_0" for instance <XLXI_1> in unit <C1>.
    Set user-defined property "HU_SET =  XLXI_2_1" for instance <XLXI_2> in unit <C1>.
    Set user-defined property "HU_SET =  XLXI_3_2" for instance <XLXI_3> in unit <C1>.
    Set user-defined property "HU_SET =  XLXI_4_3" for instance <XLXI_4> in unit <C1>.
    Set user-defined property "HU_SET =  XLXI_5_4" for instance <XLXI_5> in unit <C1>.
Entity <C1> analyzed. Unit <C1> generated.

Analyzing Entity <ADD4_MXILINX_C1> in library <work> (Architecture <behavioral>).
    Set user-defined property "RLOC =  X0Y0" for instance <I_36_55> in unit <ADD4_MXILINX_C1>.
    Set user-defined property "RLOC =  X0Y1" for instance <I_36_58> in unit <ADD4_MXILINX_C1>.
    Set user-defined property "RLOC =  X0Y1" for instance <I_36_62> in unit <ADD4_MXILINX_C1>.
    Set user-defined property "RLOC =  X0Y0" for instance <I_36_111> in unit <ADD4_MXILINX_C1>.
    Set user-defined property "RLOC =  X0Y0" for instance <I_36_175> in unit <ADD4_MXILINX_C1>.
    Set user-defined property "RLOC =  X0Y0" for instance <I_36_178> in unit <ADD4_MXILINX_C1>.
    Set user-defined property "RLOC =  X0Y1" for instance <I_36_182> in unit <ADD4_MXILINX_C1>.
    Set user-defined property "RLOC =  X0Y1" for instance <I_36_206> in unit <ADD4_MXILINX_C1>.
Entity <ADD4_MXILINX_C1> analyzed. Unit <ADD4_MXILINX_C1> generated.

Analyzing Entity <M2_1B1_MXILINX_C1> in library <work> (Architecture <behavioral>).
Entity <M2_1B1_MXILINX_C1> analyzed. Unit <M2_1B1_MXILINX_C1> generated.

Analyzing Entity <C2> in library <work> (Architecture <behavioral>).
    Set user-defined property "HU_SET =  XLXI_9_0" for instance <XLXI_9> in unit <C2>.
    Set user-defined property "HU_SET =  XLXI_10_1" for instance <XLXI_10> in unit <C2>.
    Set user-defined property "HU_SET =  XLXI_11_2" for instance <XLXI_11> in unit <C2>.
    Set user-defined property "HU_SET =  XLXI_12_3" for instance <XLXI_12> in unit <C2>.
Entity <C2> analyzed. Unit <C2> generated.

Analyzing Entity <M2_1_MXILINX_C2> in library <work> (Architecture <behavioral>).
Entity <M2_1_MXILINX_C2> analyzed. Unit <M2_1_MXILINX_C2> generated.

Analyzing Entity <M2_1_MXILINX_C3> in library <work> (Architecture <behavioral>).
Entity <M2_1_MXILINX_C3> analyzed. Unit <M2_1_MXILINX_C3> generated.


=========================================================================
*                           HDL Synthesis                               *
=========================================================================

Performing bidirectional port resolution...

Synthesizing Unit <M2_1_MXILINX_C3>.
    Related source file is "C:/270/Lab3/C3.vhf".
Unit <M2_1_MXILINX_C3> synthesized.


Synthesizing Unit <ADD4_MXILINX_C1>.
    Related source file is "C:/270/Lab3/C1.vhf".
WARNING:Xst:653 - Signal <dummy> is used but never assigned. This sourceless signal will be automatically connected to value 0.
Unit <ADD4_MXILINX_C1> synthesized.


Synthesizing Unit <M2_1B1_MXILINX_C1>.
    Related source file is "C:/270/Lab3/C1.vhf".
Unit <M2_1B1_MXILINX_C1> synthesized.


Synthesizing Unit <M2_1_MXILINX_C2>.
    Related source file is "C:/270/Lab3/C2.vhf".
Unit <M2_1_MXILINX_C2> synthesized.


Synthesizing Unit <C1>.
    Related source file is "C:/270/Lab3/C1.vhf".
Unit <C1> synthesized.


Synthesizing Unit <C2>.
    Related source file is "C:/270/Lab3/C2.vhf".
Unit <C2> synthesized.


Synthesizing Unit <C3>.
    Related source file is "C:/270/Lab3/C3.vhf".
Unit <C3> synthesized.


=========================================================================
HDL Synthesis Report

Found no macro
=========================================================================

=========================================================================
*                       Advanced HDL Synthesis                          *
=========================================================================

Loading device for application Rf_Device from file '3s1200e.nph' in environment C:\Xilinx\10.1\ISE.

=========================================================================
Advanced HDL Synthesis Report

Found no macro
=========================================================================

=========================================================================
*                         Low Level Synthesis                           *
=========================================================================

Optimizing unit <C3> ...

Optimizing unit <M2_1_MXILINX_C3> ...

Optimizing unit <ADD4_MXILINX_C1> ...

Optimizing unit <M2_1B1_MXILINX_C1> ...

Optimizing unit <M2_1_MXILINX_C2> ...

Mapping all equations...
Building and optimizing final netlist ...
Found area constraint ratio of 100 (+ 5) on block C3, actual ratio is 0.

Final Macro Processing ...

=========================================================================
Final Register Report

Found no macro
=========================================================================

=========================================================================
*                           Partition Report                             *
=========================================================================

Partition Implementation Status
-------------------------------

  No Partitions were found in this design.

-------------------------------

=========================================================================
*                            Final Report                               *
=========================================================================
Final Results
RTL Top Level Output File Name     : C3.ngr
Top Level Output File Name         : C3
Output Format                      : NGC
Optimization Goal                  : Speed
Keep Hierarchy                     : NO

Design Statistics
# IOs                              : 15

Cell Usage :
# BELS                             : 63
#      AND2                        : 17
#      AND2B1                      : 9
#      AND2B2                      : 4
#      GND                         : 1
#      INV                         : 2
#      MUXCY                       : 1
#      MUXCY_D                     : 1
#      MUXCY_L                     : 2
#      OR2                         : 17
#      XOR2                        : 5
#      XORCY                       : 4
# IO Buffers                       : 15
#      IBUF                        : 10
#      OBUF                        : 5
# Others                           : 4
#      FMAP                        : 4
=========================================================================

Device utilization summary:
---------------------------

Selected Device : 3s1200efg320-4 

 Number of Slices:                        1  out of   8672     0%  
 Number of 4 input LUTs:                  2  out of  17344     0%  
 Number of IOs:                          15
 Number of bonded IOBs:                  15  out of    250     6%  

---------------------------
Partition Resource Summary:
---------------------------

  No Partitions were found in this design.

---------------------------


=========================================================================
TIMING REPORT

NOTE: THESE TIMING NUMBERS ARE ONLY A SYNTHESIS ESTIMATE.
      FOR ACCURATE TIMING INFORMATION PLEASE REFER TO THE TRACE REPORT
      GENERATED AFTER PLACE-and-ROUTE.

Clock Information:
------------------
No clock signals found in this design

Asynchronous Control Signals Information:
----------------------------------------
No asynchronous control signals found in this design

Timing Summary:
---------------
Speed Grade: -4

   Minimum period: No path found
   Minimum input arrival time before clock: No path found
   Maximum output required time after clock: No path found
   Maximum combinational path delay: 14.239ns

Timing Detail:
--------------
All values displayed in nanoseconds (ns)

=========================================================================
Timing constraint: Default path analysis
  Total number of paths / destination ports: 120 / 5
-------------------------------------------------------------------------
Delay:               14.239ns (Levels of Logic = 15)
  Source:            S0 (PAD)
  Destination:       F3 (PAD)

  Data Path: S0 to F3
                                Gate     Net
    Cell:in->out      fanout   Delay   Delay  Logical Name (Net Name)
    ----------------------------------------  ------------
     IBUF:I->O            10   1.218   0.882  S0_IBUF (S0_IBUF)
     INV:I->O              8   0.704   0.757  XLXI_1/XLXI_7 (XLXI_1/XLXN_31)
     begin scope: 'XLXI_1/XLXI_2'
     AND2B2:I0->O          1   0.704   0.420  I_36_7 (M0)
     OR2:I1->O             1   0.704   0.420  I_36_8 (O)
     end scope: 'XLXI_1/XLXI_2'
     begin scope: 'XLXI_1/XLXI_1'
     XOR2:I1->O            1   0.704   0.000  I_36_239 (I0)
     MUXCY_L:S->LO         1   0.464   0.000  I_36_111 (C0)
     MUXCY_L:CI->LO        1   0.059   0.000  I_36_55 (C1)
     MUXCY_D:CI->LO        1   0.459   0.000  I_36_62 (C2)
     XORCY:CI->O           1   0.804   0.420  I_36_75 (S3)
     end scope: 'XLXI_1/XLXI_1'
     begin scope: 'XLXI_3'
     AND2B1:I1->O          1   0.704   0.420  I_36_7 (M0)
     OR2:I1->O             1   0.704   0.420  I_36_8 (O)
     end scope: 'XLXI_3'
     OBUF:I->O                 3.272          F3_OBUF (F3)
    ----------------------------------------
    Total                     14.239ns (10.500ns logic, 3.739ns route)
                                       (73.7% logic, 26.3% route)

=========================================================================


Total REAL time to Xst completion: 2.00 secs
Total CPU time to Xst completion: 2.64 secs
 
--> 

Total memory usage is 157448 kilobytes

Number of errors   :    0 (   0 filtered)
Number of warnings :    2 (   0 filtered)
Number of infos    :    0 (   0 filtered)

