Release 10.1 Map K.31 (nt)
Xilinx Mapping Report File for Design 'C3'

Design Information
------------------
Command Line   : map -ise C:/270/Lab3/Lab3.ise -intstyle ise -p
xc3s1200e-fg320-4 -cm area -pr off -k 4 -c 100 -o C3_map.ncd C3.ngd C3.pcf 
Target Device  : xc3s1200e
Target Package : fg320
Target Speed   : -4
Mapper Version : spartan3e -- $Revision: 1.46 $
Mapped Date    : Fri Jun 16 18:13:32 2017

Design Summary
--------------
Number of errors:      0
Number of warnings:    1
Logic Utilization:
  Number of 4 input LUTs:                13 out of  17,344    1%
Logic Distribution:
  Number of occupied Slices:              7 out of   8,672    1%
    Number of Slices containing only related logic:       7 out of       7 100%
    Number of Slices containing unrelated logic:          0 out of       7   0%
      *See NOTES below for an explanation of the effects of unrelated logic.
  Total Number of 4 input LUTs:          13 out of  17,344    1%
  Number of bonded IOBs:                 15 out of     250    6%

  Number of RPM macros:            1
Peak Memory Usage:  153 MB
Total REAL time to MAP completion:  1 secs 
Total CPU time to MAP completion:   1 secs 

NOTES:

   Related logic is defined as being logic that shares connectivity - e.g. two
   LUTs are "related" if they share common inputs.  When assembling slices,
   Map gives priority to combine logic that is related.  Doing so results in
   the best timing performance.

   Unrelated logic shares no connectivity.  Map will only begin packing
   unrelated logic into a slice once 99% of the slices are occupied through
   related logic packing.

   Note that once logic distribution reaches the 99% level through related
   logic packing, this does not mean the device is completely utilized.
   Unrelated logic packing will then begin, continuing until all usable LUTs
   and FFs are occupied.  Depending on your timing budget, increased levels of
   unrelated logic packing may adversely affect the overall timing performance
   of your design.

Table of Contents
-----------------
Section 1 - Errors
Section 2 - Warnings
Section 3 - Informational
Section 4 - Removed Logic Summary
Section 5 - Removed Logic
Section 6 - IOB Properties
Section 7 - RPMs
Section 8 - Guide Report
Section 9 - Area Group and Partition Summary
Section 10 - Modular Design Summary
Section 11 - Timing Report
Section 12 - Configuration String Information
Section 13 - Control Set Information
Section 14 - Utilization by Hierarchy

Section 1 - Errors
------------------

Section 2 - Warnings
--------------------
WARNING:LIT:243 - Logical network XLXI_1/XLXI_1/OFL has no load.

Section 3 - Informational
-------------------------
INFO:MapLib:562 - No environment variables are currently set.
INFO:LIT:244 - All of the single ended outputs in this design are using slew
   rate limited output drivers. The delay on speed critical single ended outputs
   can be dramatically reduced by designating them as fast outputs.

Section 4 - Removed Logic Summary
---------------------------------
   2 block(s) removed
   1 block(s) optimized away
   3 signal(s) removed

Section 5 - Removed Logic
-------------------------

The trimmed logic report below shows the logic removed from your design due to
sourceless or loadless signals, and VCC or ground connections.  If the removal
of a signal or symbol results in the subsequent removal of an additional signal
or symbol, the message explaining that second removal will be indented.  This
indentation will be repeated as a chain of related logic is removed.

To quickly locate the original cause for the removal of a chain of logic, look
above the place where that logic is listed in the trimming report, then locate
the lines that are least indented (begin at the leftmost edge).

The signal "XLXI_7/M1" is sourceless and has been removed.
The signal "XLXI_1/XLXI_1/OFL" is sourceless and has been removed.
The signal "XLXI_1/XLXI_1/dummy" is sourceless and has been removed.
Unused block "XLXI_1/XLXI_1/I_36_259" (XOR) removed.
Unused block "XLXI_1/XLXI_1/XST_GND" (ZERO) removed.

Optimized Block(s):
TYPE 		BLOCK
AND2 		XLXI_7/I_36_9

To enable printing of redundant blocks removed and signals merged, set the
detailed map report option and rerun map.

Section 6 - IOB Properties
--------------------------

+----------------------------------------------------------------------------------------------------------------------------------------+
| IOB Name                           | Type             | Direction | IO Standard | Drive    | Slew | Reg (s)      | Resistor | IOB      |
|                                    |                  |           |             | Strength | Rate |              |          | Delay    |
+----------------------------------------------------------------------------------------------------------------------------------------+
| A0                                 | IBUF             | INPUT     | LVCMOS25    |          |      |              |          | 0 / 0    |
| A1                                 | IBUF             | INPUT     | LVCMOS25    |          |      |              |          | 0 / 0    |
| A2                                 | IBUF             | INPUT     | LVCMOS25    |          |      |              |          | 0 / 0    |
| A3                                 | IBUF             | INPUT     | LVCMOS25    |          |      |              |          | 0 / 0    |
| B0                                 | IBUF             | INPUT     | LVCMOS25    |          |      |              |          | 0 / 0    |
| B1                                 | IBUF             | INPUT     | LVCMOS25    |          |      |              |          | 0 / 0    |
| B2                                 | IBUF             | INPUT     | LVCMOS25    |          |      |              |          | 0 / 0    |
| B3                                 | IBUF             | INPUT     | LVCMOS25    |          |      |              |          | 0 / 0    |
| Cout                               | IOB              | OUTPUT    | LVCMOS25    | 12       | SLOW |              |          | 0 / 0    |
| F0                                 | IOB              | OUTPUT    | LVCMOS25    | 12       | SLOW |              |          | 0 / 0    |
| F1                                 | IOB              | OUTPUT    | LVCMOS25    | 12       | SLOW |              |          | 0 / 0    |
| F2                                 | IOB              | OUTPUT    | LVCMOS25    | 12       | SLOW |              |          | 0 / 0    |
| F3                                 | IOB              | OUTPUT    | LVCMOS25    | 12       | SLOW |              |          | 0 / 0    |
| S0                                 | IBUF             | INPUT     | LVCMOS25    |          |      |              |          | 0 / 0    |
| S1                                 | IBUF             | INPUT     | LVCMOS25    |          |      |              |          | 0 / 0    |
+----------------------------------------------------------------------------------------------------------------------------------------+

Section 7 - RPMs
----------------
XLXI_1_XLXI_1_0                         

Section 8 - Guide Report
------------------------
Guide not run on this design.

Section 9 - Area Group and Partition Summary
--------------------------------------------

Partition Implementation Status
-------------------------------

  No Partitions were found in this design.

-------------------------------

Area Group Information
----------------------

  No area groups were found in this design.

----------------------

Section 10 - Modular Design Summary
-----------------------------------
Modular Design not used for this design.

Section 11 - Timing Report
--------------------------
This design was not run using timing mode.

Section 12 - Configuration String Details
-----------------------------------------
Use the "-detail" map option to print out Configuration Strings

Section 13 - Control Set Information
------------------------------------
No control set information for this architecture.

Section 14 - Utilization by Hierarchy
-------------------------------------
+-------------------------------------------------------------------------------------------------------------------------------------------------------------+
| Module             | Partition | Slices        | Slice Reg     | LUTs          | LUTRAM        | BRAM      | MULT18X18 | BUFG  | DCM   | Full Hierarchical  |
+-------------------------------------------------------------------------------------------------------------------------------------------------------------+
| C3/                |           | 0/11          | 0/0           | 0/13          | 0/0           | 0/0       | 0/0       | 0/0   | 0/0   | C3                 |
| +XLXI_1            |           | 0/2           | 0/0           | 0/4           | 0/0           | 0/0       | 0/0       | 0/0   | 0/0   | C3/XLXI_1          |
| ++XLXI_1           |           | 2/2           | 0/0           | 4/4           | 0/0           | 0/0       | 0/0       | 0/0   | 0/0   | C3/XLXI_1/XLXI_1   |
| +XLXI_2            |           | 0/4           | 0/0           | 0/4           | 0/0           | 0/0       | 0/0       | 0/0   | 0/0   | C3/XLXI_2          |
| ++XLXI_10          |           | 1/1           | 0/0           | 1/1           | 0/0           | 0/0       | 0/0       | 0/0   | 0/0   | C3/XLXI_2/XLXI_10  |
| ++XLXI_11          |           | 1/1           | 0/0           | 1/1           | 0/0           | 0/0       | 0/0       | 0/0   | 0/0   | C3/XLXI_2/XLXI_11  |
| ++XLXI_12          |           | 1/1           | 0/0           | 1/1           | 0/0           | 0/0       | 0/0       | 0/0   | 0/0   | C3/XLXI_2/XLXI_12  |
| ++XLXI_9           |           | 1/1           | 0/0           | 1/1           | 0/0           | 0/0       | 0/0       | 0/0   | 0/0   | C3/XLXI_2/XLXI_9   |
| +XLXI_3            |           | 1/1           | 0/0           | 1/1           | 0/0           | 0/0       | 0/0       | 0/0   | 0/0   | C3/XLXI_3          |
| +XLXI_4            |           | 1/1           | 0/0           | 1/1           | 0/0           | 0/0       | 0/0       | 0/0   | 0/0   | C3/XLXI_4          |
| +XLXI_5            |           | 1/1           | 0/0           | 1/1           | 0/0           | 0/0       | 0/0       | 0/0   | 0/0   | C3/XLXI_5          |
| +XLXI_6            |           | 1/1           | 0/0           | 1/1           | 0/0           | 0/0       | 0/0       | 0/0   | 0/0   | C3/XLXI_6          |
| +XLXI_7            |           | 1/1           | 0/0           | 1/1           | 0/0           | 0/0       | 0/0       | 0/0   | 0/0   | C3/XLXI_7          |
+-------------------------------------------------------------------------------------------------------------------------------------------------------------+

* Slices can be packed with basic elements from multiple hierarchies.
  Therefore, a slice will be counted in every hierarchical module
  that each of its packed basic elements belong to.
** For each column, there are two numbers reported <A>/<B>.
   <A> is the number of elements that belong to that specific hierarchical module.
   <B> is the total number of elements from that hierarchical module and any lower level
   hierarchical modules below.
*** The LUTRAM column counts all LUTs used as memory including RAM, ROM, and shift registers.
