Release 10.1 - xst K.31 (nt)
Copyright (c) 1995-2008 Xilinx, Inc.  All rights reserved.
--> Parameter TMPDIR set to C:/270/Lab6/xst/projnav.tmp


Total REAL time to Xst completion: 0.00 secs
Total CPU time to Xst completion: 0.09 secs
 
--> Parameter xsthdpdir set to C:/270/Lab6/xst


Total REAL time to Xst completion: 0.00 secs
Total CPU time to Xst completion: 0.09 secs
 
--> Reading design: Keypad_Reader.prj

TABLE OF CONTENTS
  1) Synthesis Options Summary
  2) HDL Compilation
  3) Design Hierarchy Analysis
  4) HDL Analysis
  5) HDL Synthesis
     5.1) HDL Synthesis Report
  6) Advanced HDL Synthesis
     6.1) Advanced HDL Synthesis Report
  7) Low Level Synthesis
  8) Partition Report
  9) Final Report
     9.1) Device utilization summary
     9.2) Partition Resource Summary
     9.3) TIMING REPORT


=========================================================================
*                      Synthesis Options Summary                        *
=========================================================================
---- Source Parameters
Input File Name                    : "Keypad_Reader.prj"
Input Format                       : mixed
Ignore Synthesis Constraint File   : NO

---- Target Parameters
Output File Name                   : "Keypad_Reader"
Output Format                      : NGC
Target Device                      : xc3s1200e-4-fg320

---- Source Options
Top Module Name                    : Keypad_Reader
Automatic FSM Extraction           : YES
FSM Encoding Algorithm             : Auto
Safe Implementation                : No
FSM Style                          : lut
RAM Extraction                     : Yes
RAM Style                          : Auto
ROM Extraction                     : Yes
Mux Style                          : Auto
Decoder Extraction                 : YES
Priority Encoder Extraction        : YES
Shift Register Extraction          : YES
Logical Shifter Extraction         : YES
XOR Collapsing                     : YES
ROM Style                          : Auto
Mux Extraction                     : YES
Resource Sharing                   : YES
Asynchronous To Synchronous        : NO
Multiplier Style                   : auto
Automatic Register Balancing       : No

---- Target Options
Add IO Buffers                     : YES
Global Maximum Fanout              : 500
Add Generic Clock Buffer(BUFG)     : 24
Register Duplication               : YES
Slice Packing                      : YES
Optimize Instantiated Primitives   : NO
Use Clock Enable                   : Yes
Use Synchronous Set                : Yes
Use Synchronous Reset              : Yes
Pack IO Registers into IOBs        : auto
Equivalent register Removal        : YES

---- General Options
Optimization Goal                  : Speed
Optimization Effort                : 1
Library Search Order               : Keypad_Reader.lso
Keep Hierarchy                     : NO
Netlist Hierarchy                  : as_optimized
RTL Output                         : Yes
Global Optimization                : AllClockNets
Read Cores                         : YES
Write Timing Constraints           : NO
Cross Clock Analysis               : NO
Hierarchy Separator                : /
Bus Delimiter                      : <>
Case Specifier                     : maintain
Slice Utilization Ratio            : 100
BRAM Utilization Ratio             : 100
Verilog 2001                       : YES
Auto BRAM Packing                  : NO
Slice Utilization Ratio Delta      : 5

=========================================================================


=========================================================================
*                          HDL Compilation                              *
=========================================================================
Compiling verilog file "Keypad_Reader.v" in library work
Module <Keypad_Reader> compiled
Module <Keypad_Scanner> compiled
Module <Keypad_code> compiled
Module <SSD_Driver> compiled
No errors in compilation
Analysis of file <"Keypad_Reader.prj"> succeeded.
 

=========================================================================
*                     Design Hierarchy Analysis                         *
=========================================================================
Analyzing hierarchy for module <Keypad_Reader> in library <work>.

Analyzing hierarchy for module <Keypad_Scanner> in library <work>.

Analyzing hierarchy for module <SSD_Driver> in library <work>.

Analyzing hierarchy for module <Keypad_code> in library <work>.


=========================================================================
*                            HDL Analysis                               *
=========================================================================
Analyzing top module <Keypad_Reader>.
Module <Keypad_Reader> is correct for synthesis.
 
Analyzing module <Keypad_Scanner> in library <work>.
Module <Keypad_Scanner> is correct for synthesis.
 
Analyzing module <SSD_Driver> in library <work>.
Module <SSD_Driver> is correct for synthesis.
 
Analyzing module <Keypad_code> in library <work>.
Module <Keypad_code> is correct for synthesis.
 

=========================================================================
*                           HDL Synthesis                               *
=========================================================================

Performing bidirectional port resolution...

Synthesizing Unit <Keypad_Scanner>.
    Related source file is "Keypad_Reader.v".
INFO:Xst:2117 - HDL ADVISOR - Mux Selector <state> of Case statement line 108 was re-encoded using one-hot encoding. The case statement will be optimized (default statement optimization), but this optimization may lead to design initialization problems. To ensure the design works safely, you can:
   	- add an 'INIT' attribute on signal <state> (optimization is then done without any risk)
   	- use the attribute 'signal_encoding user' to avoid onehot optimization
   	- use the attribute 'safe_implementation yes' to force XST to perform a safe (but less efficient) optimization
    Using one-hot encoding for signal <state>.
    Using one-hot encoding for signal <$old_state_1>.
    Found 4-bit register for signal <col>.
    Found 6-bit register for signal <state>.
    Summary:
	inferred  10 D-type flip-flop(s).
Unit <Keypad_Scanner> synthesized.


Synthesizing Unit <SSD_Driver>.
    Related source file is "Keypad_Reader.v".
    Found 16x7-bit ROM for signal <SSD>.
    Summary:
	inferred   1 ROM(s).
Unit <SSD_Driver> synthesized.


Synthesizing Unit <Keypad_code>.
    Related source file is "Keypad_Reader.v".
Unit <Keypad_code> synthesized.


Synthesizing Unit <Keypad_Reader>.
    Related source file is "Keypad_Reader.v".
Unit <Keypad_Reader> synthesized.


=========================================================================
HDL Synthesis Report

Macro Statistics
# ROMs                                                 : 1
 16x7-bit ROM                                          : 1
# Registers                                            : 2
 4-bit register                                        : 1
 6-bit register                                        : 1

=========================================================================

=========================================================================
*                       Advanced HDL Synthesis                          *
=========================================================================

Loading device for application Rf_Device from file '3s1200e.nph' in environment C:\Xilinx\10.1\ISE.

=========================================================================
Advanced HDL Synthesis Report

Macro Statistics
# ROMs                                                 : 1
 16x7-bit ROM                                          : 1
# Registers                                            : 10
 Flip-Flops                                            : 10

=========================================================================

=========================================================================
*                         Low Level Synthesis                           *
=========================================================================

Optimizing unit <Keypad_Reader> ...

Optimizing unit <Keypad_Scanner> ...

Mapping all equations...
Building and optimizing final netlist ...
Found area constraint ratio of 100 (+ 5) on block Keypad_Reader, actual ratio is 0.

Final Macro Processing ...

=========================================================================
Final Register Report

Macro Statistics
# Registers                                            : 10
 Flip-Flops                                            : 10

=========================================================================

=========================================================================
*                           Partition Report                             *
=========================================================================

Partition Implementation Status
-------------------------------

  No Partitions were found in this design.

-------------------------------

=========================================================================
*                            Final Report                               *
=========================================================================
Final Results
RTL Top Level Output File Name     : Keypad_Reader.ngr
Top Level Output File Name         : Keypad_Reader
Output Format                      : NGC
Optimization Goal                  : Speed
Keep Hierarchy                     : NO

Design Statistics
# IOs                              : 25

Cell Usage :
# BELS                             : 33
#      LUT2                        : 5
#      LUT2_L                      : 5
#      LUT3                        : 5
#      LUT4                        : 16
#      LUT4_L                      : 1
#      VCC                         : 1
# FlipFlops/Latches                : 10
#      FD                          : 5
#      FDR                         : 1
#      FDS                         : 4
# Clock Buffers                    : 1
#      BUFGP                       : 1
# IO Buffers                       : 24
#      IBUF                        : 5
#      OBUF                        : 19
=========================================================================

Device utilization summary:
---------------------------

Selected Device : 3s1200efg320-4 

 Number of Slices:                       17  out of   8672     0%  
 Number of Slice Flip Flops:             10  out of  17344     0%  
 Number of 4 input LUTs:                 32  out of  17344     0%  
 Number of IOs:                          25
 Number of bonded IOBs:                  25  out of    250    10%  
 Number of GCLKs:                         1  out of     24     4%  

---------------------------
Partition Resource Summary:
---------------------------

  No Partitions were found in this design.

---------------------------


=========================================================================
TIMING REPORT

NOTE: THESE TIMING NUMBERS ARE ONLY A SYNTHESIS ESTIMATE.
      FOR ACCURATE TIMING INFORMATION PLEASE REFER TO THE TRACE REPORT
      GENERATED AFTER PLACE-and-ROUTE.

Clock Information:
------------------
-----------------------------------+------------------------+-------+
Clock Signal                       | Clock buffer(FF name)  | Load  |
-----------------------------------+------------------------+-------+
Clk                                | BUFGP                  | 10    |
-----------------------------------+------------------------+-------+

Asynchronous Control Signals Information:
----------------------------------------
No asynchronous control signals found in this design

Timing Summary:
---------------
Speed Grade: -4

   Minimum period: 4.378ns (Maximum Frequency: 228.415MHz)
   Minimum input arrival time before clock: 6.692ns
   Maximum output required time after clock: 7.431ns
   Maximum combinational path delay: 8.012ns

Timing Detail:
--------------
All values displayed in nanoseconds (ns)

=========================================================================
Timing constraint: Default period analysis for Clock 'Clk'
  Clock period: 4.378ns (frequency: 228.415MHz)
  Total number of paths / destination ports: 48 / 14
-------------------------------------------------------------------------
Delay:               4.378ns (Levels of Logic = 3)
  Source:            KS/state_1 (FF)
  Destination:       KS/col_3 (FF)
  Source Clock:      Clk rising
  Destination Clock: Clk rising

  Data Path: KS/state_1 to KS/col_3
                                Gate     Net
    Cell:in->out      fanout   Delay   Delay  Logical Name (Net Name)
    ----------------------------------------  ------------
     FD:C->Q               3   0.591   0.566  KS/state_1 (KS/state_1)
     LUT4:I2->O            4   0.704   0.666  KS/col_or0000_SW0_SW0 (N18)
     LUT2_L:I1->LO         1   0.704   0.135  KS/col_or0000_SW0 (N20)
     LUT4:I2->O            1   0.704   0.000  KS/col_mux0000<0>11 (KS/col_mux0000<0>1)
     FDS:D                     0.308          KS/col_3
    ----------------------------------------
    Total                      4.378ns (3.011ns logic, 1.367ns route)
                                       (68.8% logic, 31.2% route)

=========================================================================
Timing constraint: Default OFFSET IN BEFORE for Clock 'Clk'
  Total number of paths / destination ports: 130 / 15
-------------------------------------------------------------------------
Offset:              6.692ns (Levels of Logic = 5)
  Source:            row<3> (PAD)
  Destination:       KS/col_3 (FF)
  Destination Clock: Clk rising

  Data Path: row<3> to KS/col_3
                                Gate     Net
    Cell:in->out      fanout   Delay   Delay  Logical Name (Net Name)
    ----------------------------------------  ------------
     IBUF:I->O             4   1.218   0.762  row_3_IBUF (row_3_IBUF)
     LUT4:I0->O            7   0.704   0.787  OR_row1 (OR_row)
     LUT4:I1->O            4   0.704   0.666  KS/col_or0000_SW0_SW0 (N18)
     LUT2_L:I1->LO         1   0.704   0.135  KS/col_or0000_SW0 (N20)
     LUT4:I2->O            1   0.704   0.000  KS/col_mux0000<0>11 (KS/col_mux0000<0>1)
     FDS:D                     0.308          KS/col_3
    ----------------------------------------
    Total                      6.692ns (4.342ns logic, 2.350ns route)
                                       (64.9% logic, 35.1% route)

=========================================================================
Timing constraint: Default OFFSET OUT AFTER for Clock 'Clk'
  Total number of paths / destination ports: 40 / 14
-------------------------------------------------------------------------
Offset:              7.431ns (Levels of Logic = 3)
  Source:            KS/col_3 (FF)
  Destination:       SSD<6> (PAD)
  Source Clock:      Clk rising

  Data Path: KS/col_3 to SSD<6>
                                Gate     Net
    Cell:in->out      fanout   Delay   Delay  Logical Name (Net Name)
    ----------------------------------------  ------------
     FDS:C->Q              5   0.591   0.808  KS/col_3 (KS/col_3)
     LUT2:I0->O            8   0.704   0.932  KC1/code_1_or00001 (code_1_OBUF)
     LUT4:I0->O            1   0.704   0.420  SD/Mrom_SSD41 (SD/Mrom_SSD4)
     OBUF:I->O                 3.272          SSD_4_OBUF (SSD<4>)
    ----------------------------------------
    Total                      7.431ns (5.271ns logic, 2.160ns route)
                                       (70.9% logic, 29.1% route)

=========================================================================
Timing constraint: Default path analysis
  Total number of paths / destination ports: 36 / 10
-------------------------------------------------------------------------
Delay:               8.012ns (Levels of Logic = 4)
  Source:            row<3> (PAD)
  Destination:       SSD<2> (PAD)

  Data Path: row<3> to SSD<2>
                                Gate     Net
    Cell:in->out      fanout   Delay   Delay  Logical Name (Net Name)
    ----------------------------------------  ------------
     IBUF:I->O             4   1.218   0.762  row_3_IBUF (row_3_IBUF)
     LUT2:I0->O            8   0.704   0.932  KC1/code_3_or00001 (code_3_OBUF)
     LUT4:I0->O            1   0.704   0.420  SD/Mrom_SSD21 (SD/Mrom_SSD2)
     OBUF:I->O                 3.272          SSD_2_OBUF (SSD<2>)
    ----------------------------------------
    Total                      8.012ns (5.898ns logic, 2.114ns route)
                                       (73.6% logic, 26.4% route)

=========================================================================


Total REAL time to Xst completion: 3.00 secs
Total CPU time to Xst completion: 2.66 secs
 
--> 

Total memory usage is 151304 kilobytes

Number of errors   :    0 (   0 filtered)
Number of warnings :    0 (   0 filtered)
Number of infos    :    1 (   0 filtered)

